<?xml version="1.0" encoding="UTF-8"?>
<testng-results ignored="0" total="1" passed="1" failed="0" skipped="0">
  <reporter-output>
  </reporter-output>
  <suite started-at="2021-04-04T23:07:56 EAST" name="Default suite" finished-at="2021-04-04T23:08:01 EAST" duration-ms="4995">
    <groups>
    </groups>
    <test started-at="2021-04-04T23:07:56 EAST" name="Default test" finished-at="2021-04-04T23:08:01 EAST" duration-ms="4995">
      <class name="maven.testcases.FacebookUserRegistrationTest">
        <test-method is-config="true" signature="beforeSuite()[pri:0, instance:maven.testcases.FacebookUserRegistrationTest@28f2a10f]" started-at="2021-04-04T23:07:56 EAST" name="beforeSuite" finished-at="2021-04-04T23:07:56 EAST" duration-ms="9" status="PASS">
          <reporter-output>
          </reporter-output>
        </test-method> <!-- beforeSuite -->
        <test-method is-config="true" signature="beforeTest()[pri:0, instance:maven.testcases.FacebookUserRegistrationTest@28f2a10f]" started-at="2021-04-04T23:07:56 EAST" name="beforeTest" finished-at="2021-04-04T23:07:56 EAST" duration-ms="0" status="PASS">
          <reporter-output>
          </reporter-output>
        </test-method> <!-- beforeTest -->
        <test-method is-config="true" signature="beforClass()[pri:0, instance:maven.testcases.FacebookUserRegistrationTest@28f2a10f]" started-at="2021-04-04T23:07:56 EAST" name="beforClass" finished-at="2021-04-04T23:07:56 EAST" duration-ms="0" status="PASS">
          <reporter-output>
          </reporter-output>
        </test-method> <!-- beforClass -->
        <test-method is-config="true" signature="beforMethod()[pri:0, instance:maven.testcases.FacebookUserRegistrationTest@28f2a10f]" started-at="2021-04-04T23:07:56 EAST" name="beforMethod" finished-at="2021-04-04T23:07:58 EAST" duration-ms="1528" status="PASS">
          <reporter-output>
          </reporter-output>
        </test-method> <!-- beforMethod -->
        <test-method signature="FacebookUserRegistrationTest()[pri:0, instance:maven.testcases.FacebookUserRegistrationTest@28f2a10f]" started-at="2021-04-04T23:07:58 EAST" name="FacebookUserRegistrationTest" finished-at="2021-04-04T23:08:01 EAST" duration-ms="2790" status="PASS">
          <reporter-output>
          </reporter-output>
        </test-method> <!-- FacebookUserRegistrationTest -->
        <test-method is-config="true" signature="afterMethod()[pri:0, instance:maven.testcases.FacebookUserRegistrationTest@28f2a10f]" started-at="2021-04-04T23:08:01 EAST" name="afterMethod" finished-at="2021-04-04T23:08:01 EAST" duration-ms="642" status="PASS">
          <reporter-output>
          </reporter-output>
        </test-method> <!-- afterMethod -->
        <test-method is-config="true" signature="afterClass()[pri:0, instance:maven.testcases.FacebookUserRegistrationTest@28f2a10f]" started-at="2021-04-04T23:08:01 EAST" name="afterClass" finished-at="2021-04-04T23:08:01 EAST" duration-ms="1" status="PASS">
          <reporter-output>
          </reporter-output>
        </test-method> <!-- afterClass -->
        <test-method is-config="true" signature="afterTest()[pri:0, instance:maven.testcases.FacebookUserRegistrationTest@28f2a10f]" started-at="2021-04-04T23:08:01 EAST" name="afterTest" finished-at="2021-04-04T23:08:01 EAST" duration-ms="1" status="PASS">
          <reporter-output>
          </reporter-output>
        </test-method> <!-- afterTest -->
        <test-method is-config="true" signature="afterSuite()[pri:0, instance:maven.testcases.FacebookUserRegistrationTest@28f2a10f]" started-at="2021-04-04T23:08:01 EAST" name="afterSuite" finished-at="2021-04-04T23:08:01 EAST" duration-ms="1" status="PASS">
          <reporter-output>
          </reporter-output>
        </test-method> <!-- afterSuite -->
      </class> <!-- maven.testcases.FacebookUserRegistrationTest -->
    </test> <!-- Default test -->
  </suite> <!-- Default suite -->
</testng-results>
